<?xml version="1.0" encoding="UTF-8"?>
<!-- Generated by org.testng.reporters.JUnitReportReporter -->
<testsuite hostname="KP" failures="0" tests="1" name="com.orangeHRM.tests.Test1_Login" time="7.736" errors="0" timestamp="2024-01-26T14:39:24 AEDT" skipped="0">
  <testcase classname="com.orangeHRM.tests.Test1_Login" name="loginTest" time="7.736"/>
</testsuite> <!-- com.orangeHRM.tests.Test1_Login -->
